2022-05-24 14:20:16,535:logger:Successfully merged the dataframe
2022-05-24 14:20:36,417:logger:Successfully merged the dataframe
2022-05-24 14:25:54,951:logger:Successfully merged the dataframe
2022-05-24 14:26:04,355:logger:Successfully saved the dataframe
2022-05-24 14:26:06,254:logger:Successfully dropped the columns with missing values
2022-05-24 14:26:06,255:logger:Successfully stored the features
2022-05-24 14:26:06,341:logger:Successfully handled outliers
2022-05-24 14:26:06,379:logger:Successfully removed columns with head unnamed
2022-05-24 14:26:07,185:logger:Successfully transformed data to time series data
2022-05-24 14:26:14,839:logger:Successfully saved the dataframe
2022-05-24 14:26:14,922:logger:Successfully merged the dataframe
2022-05-24 14:26:15,301:logger:Successfully saved the dataframe
2022-05-24 14:26:15,363:logger:Successfully dropped the columns with missing values
2022-05-24 14:26:15,365:logger:Successfully stored the features
2022-05-24 14:26:15,366:logger:Successfully handled outliers
2022-05-24 14:26:15,371:logger:Successfully removed columns with head unnamed
2022-05-24 14:26:15,422:logger:Successfully transformed data to time series data
2022-05-24 14:26:15,792:logger:Successfully saved the dataframe
2022-05-24 14:32:06,415:logger:Successfully initialized clean class
2022-05-24 14:32:06,855:logger:Successfully merged the dataframe
2022-05-24 14:32:16,720:logger:Successfully saved the dataframe
2022-05-24 14:32:19,797:logger:Successfully dropped the columns with missing values
2022-05-24 14:32:19,798:logger:Successfully stored the features
2022-05-24 14:32:19,908:logger:Successfully handled outliers
2022-05-24 14:32:19,953:logger:Successfully removed columns with head unnamed
2022-05-24 14:32:20,701:logger:Successfully transformed data to time series data
2022-05-24 14:32:27,865:logger:Successfully saved the dataframe
2022-05-24 14:32:27,949:logger:Successfully initialized clean class
2022-05-24 14:32:27,960:logger:Successfully merged the dataframe
2022-05-24 14:32:28,325:logger:Successfully saved the dataframe
2022-05-24 14:32:28,396:logger:Successfully dropped the columns with missing values
2022-05-24 14:32:28,397:logger:Successfully stored the features
2022-05-24 14:32:28,397:logger:Successfully handled outliers
2022-05-24 14:32:28,399:logger:Successfully removed columns with head unnamed
2022-05-24 14:32:28,443:logger:Successfully transformed data to time series data
2022-05-24 14:32:28,816:logger:Successfully saved the dataframe
2022-05-24 14:32:38,275:logger:Successfully initialized eda class
2022-05-24 15:29:03,262:logger:Initialized the time series class
2022-05-24 15:29:57,948:logger:Successfully initialized clean class
2022-05-24 15:29:58,339:logger:Successfully merged the dataframe
2022-05-24 16:05:38,371:logger:Successfully initialized clean class
2022-05-24 16:05:39,141:logger:Successfully merged the dataframe
2022-05-24 16:06:12,316:logger:Successfully initialized clean class
2022-05-24 16:06:12,684:logger:Successfully merged the dataframe
2022-05-24 16:06:22,157:logger:Successfully saved the dataframe
2022-05-24 16:06:24,804:logger:Successfully dropped the columns with missing values
2022-05-24 16:06:24,864:logger:Successfully stored the features
2022-05-24 16:06:24,963:logger:Successfully handled outliers
2022-05-24 16:06:25,059:logger:Successfully removed columns with head unnamed
2022-05-24 16:06:26,648:logger:Successfully transformed data to time series data
2022-05-24 16:06:34,789:logger:Successfully saved the dataframe
2022-05-24 16:06:35,157:logger:Successfully initialized clean class
2022-05-24 16:06:35,179:logger:Successfully merged the dataframe
2022-05-24 16:06:35,893:logger:Successfully saved the dataframe
2022-05-24 16:06:35,958:logger:Successfully dropped the columns with missing values
2022-05-24 16:06:35,960:logger:Successfully stored the features
2022-05-24 16:06:35,961:logger:Successfully handled outliers
2022-05-24 16:06:35,969:logger:Successfully removed columns with head unnamed
2022-05-24 16:06:36,094:logger:Successfully transformed data to time series data
2022-05-24 16:06:36,461:logger:Successfully saved the dataframe
