2022-05-31 07:09:09,553:logger:'NoneType' object has no attribute 'append'
2022-05-31 07:09:09,554:logger:'NoneType' object has no attribute 'append'
2022-05-31 07:09:10,930:logger:'NoneType' object has no attribute 'append'
2022-05-31 07:09:10,933:logger:'NoneType' object has no attribute 'append'
2022-05-31 07:10:34,375:logger:'NoneType' object has no attribute 'append'
2022-05-31 07:10:34,378:logger:'NoneType' object has no attribute 'append'
2022-05-31 07:10:35,598:logger:'NoneType' object has no attribute 'append'
2022-05-31 07:10:35,601:logger:'NoneType' object has no attribute 'append'
2022-05-31 07:16:06,242:logger:'NoneType' object has no attribute 'append'
2022-05-31 07:16:06,243:logger:'NoneType' object has no attribute 'append'
2022-05-31 07:16:07,523:logger:'NoneType' object has no attribute 'append'
2022-05-31 07:16:07,525:logger:'NoneType' object has no attribute 'append'
2022-05-31 08:15:11,525:logger:[Errno 2] No such file or directory: '/home/martin/Documents/ALFFA_PUBLIC/ASR/SWAHILI/data/train/text.txt'
2022-05-31 08:15:11,595:logger:[Errno 2] No such file or directory: '/home/martin/Documents/ALFFA_PUBLIC/ASR/SWAHILI/data/test/text.txt'
2022-05-31 08:24:26,704:logger:[Errno 2] No such file or directory: 'text.txt'
2022-05-31 08:24:26,706:logger:[Errno 2] No such file or directory: '/home/martin/Documents/ALFFA_PUBLIC/ASR/SWAHILI/data/test/text.txt'
2022-05-31 08:29:15,333:logger:[Errno 2] No such file or directory: '/home/martin/Documents/ALFFA_PUBLIC/ASR/SWAHILI/data/train/text.txt'
2022-05-31 08:29:15,406:logger:[Errno 2] No such file or directory: '/home/martin/Documents/ALFFA_PUBLIC/ASR/SWAHILI/data/train/text.txt'
2022-05-31 08:36:11,588:logger:[Errno 2] No such file or directory: '/home/martin/Documents/ALFFA_PUBLIC/ASR/SWAHILI/data/train/text.txt'
2022-05-31 08:36:11,596:logger:[Errno 2] No such file or directory: '/home/martin/Documents/ALFFA_PUBLIC/ASR/SWAHILI/data/train/text.txt'
2022-05-31 09:29:33,062:logger:[Errno 2] No such file or directory: '../data/swahili_train_text.txt'
2022-05-31 09:29:33,078:logger:[Errno 2] No such file or directory: '../data/swahili_test_text.txt'
2022-05-31 09:30:13,576:logger:[Errno 2] No such file or directory: '../data/swahili_train_text.txt'
2022-05-31 09:30:13,580:logger:[Errno 2] No such file or directory: '../data/swahili_test_text.txt'
2022-05-31 09:32:31,612:logger:[Errno 2] No such file or directory: '/home/martin/Documents/ALFFA_PUBLIC/ASR/SWAHILI/data/train/text.txt'
2022-05-31 09:32:31,617:logger:[Errno 2] No such file or directory: '/home/martin/Documents/ALFFA_PUBLIC/ASR/SWAHILI/data/test/text.txt'
2022-05-31 10:03:57,096:logger:local variable 'w_files' referenced before assignment
2022-05-31 10:03:57,251:logger:local variable 'w_files' referenced before assignment
2022-05-31 10:03:57,289:logger:local variable 'w_files' referenced before assignment
2022-05-31 10:03:57,290:logger:local variable 'w_files' referenced before assignment
2022-06-07 06:59:07,609:scripts.logger:[Errno 2] No such file or directory: '../models/20220607-065907.pkl'
